[flying]2021/08/18 - 10:28:27.068	[34minfo[0m	/Users/zhangchengji/GoProjects/flyingv2/core/gin/plugin/router.go:13	use middleware cors
[flying]2021/08/18 - 10:28:27.075	[34minfo[0m	/Users/zhangchengji/GoProjects/flyingv2/core/gin/plugin/router.go:15	register swagger handler
[flying]2021/08/18 - 10:28:27.075	[34minfo[0m	/Users/zhangchengji/GoProjects/flyingv2/core/gin/plugin/router.go:22	router register success
[flying]2021/08/18 - 10:28:27.075	[34minfo[0m	/Users/zhangchengji/GoProjects/flyingv2/coremain/run.go:31	server run success on 	{"address": ":8080"}
[flying]2021/08/18 - 10:35:47.408	[31merror[0m	/Users/zhangchengji/GoProjects/flyingv2/coremain/run.go:32	accept tcp [::]:8080: use of closed network connection
[flying]2021/08/18 - 10:35:50.262	[34minfo[0m	/Users/zhangchengji/GoProjects/flyingv2/core/gin/plugin/router.go:13	use middleware cors
[flying]2021/08/18 - 10:35:50.263	[34minfo[0m	/Users/zhangchengji/GoProjects/flyingv2/core/gin/plugin/router.go:15	register swagger handler
[flying]2021/08/18 - 10:35:50.263	[34minfo[0m	/Users/zhangchengji/GoProjects/flyingv2/core/gin/plugin/router.go:22	router register success
[flying]2021/08/18 - 10:35:50.263	[34minfo[0m	/Users/zhangchengji/GoProjects/flyingv2/coremain/run.go:31	server run success on 	{"address": ":8080"}
[flying]2021/08/18 - 10:36:16.907	[31merror[0m	/Users/zhangchengji/GoProjects/flyingv2/coremain/run.go:32	accept tcp [::]:8080: use of closed network connection
[flying]2021/08/18 - 10:48:52.462	[34minfo[0m	/Users/zhangchengji/GoProjects/flyingv2/core/gin/plugin/router.go:13	use middleware cors
[flying]2021/08/18 - 10:48:52.463	[34minfo[0m	/Users/zhangchengji/GoProjects/flyingv2/core/gin/plugin/router.go:15	register swagger handler
[flying]2021/08/18 - 10:48:52.463	[33mwarn[0m	/Users/zhangchengji/GoProjects/flyingv2/core/etcd/etcd.go:29	Use default etcd connection: http://192.168.1.227:2379
[flying]2021/08/18 - 10:49:12.469	[31merror[0m	/Users/zhangchengji/GoProjects/flyingv2/core/etcd/etcd.go:44	etcd create connection failed:	{"error": "context deadline exceeded"}
[flying]2021/08/18 - 10:49:12.475	[34minfo[0m	/Users/zhangchengji/GoProjects/flyingv2/core/gin/plugin/router.go:22	router register success
[flying]2021/08/18 - 10:49:12.475	[34minfo[0m	/Users/zhangchengji/GoProjects/flyingv2/coremain/run.go:32	server run success on 	{"address": ":8080"}
[flying]2021/08/18 - 10:49:48.545	[31merror[0m	/Users/zhangchengji/GoProjects/flyingv2/coremain/run.go:33	accept tcp [::]:8080: use of closed network connection
[flying]2021/08/18 - 10:49:52.176	[34minfo[0m	/Users/zhangchengji/GoProjects/flyingv2/core/gin/plugin/router.go:13	use middleware cors
[flying]2021/08/18 - 10:49:52.177	[34minfo[0m	/Users/zhangchengji/GoProjects/flyingv2/core/gin/plugin/router.go:15	register swagger handler
[flying]2021/08/18 - 10:49:52.177	[33mwarn[0m	/Users/zhangchengji/GoProjects/flyingv2/core/etcd/etcd.go:29	Use default etcd connection: http://192.168.1.227:2379
[flying]2021/08/18 - 10:49:52.188	[34minfo[0m	/Users/zhangchengji/GoProjects/flyingv2/core/gin/plugin/router.go:22	router register success
[flying]2021/08/18 - 10:49:52.188	[34minfo[0m	/Users/zhangchengji/GoProjects/flyingv2/coremain/run.go:32	server run success on 	{"address": ":8080"}
[flying]2021/08/18 - 10:51:38.815	[31merror[0m	/Users/zhangchengji/GoProjects/flyingv2/coremain/run.go:33	accept tcp [::]:8080: use of closed network connection
[flying]2021/08/18 - 10:51:42.519	[34minfo[0m	/Users/zhangchengji/GoProjects/flyingv2/core/gin/plugin/router.go:13	use middleware cors
[flying]2021/08/18 - 10:51:42.520	[34minfo[0m	/Users/zhangchengji/GoProjects/flyingv2/core/gin/plugin/router.go:15	register swagger handler
[flying]2021/08/18 - 10:51:42.520	[33mwarn[0m	/Users/zhangchengji/GoProjects/flyingv2/core/etcd/etcd.go:29	Use default etcd connection: http://192.168.1.227:2379
[flying]2021/08/18 - 10:51:42.531	[34minfo[0m	/Users/zhangchengji/GoProjects/flyingv2/core/gin/plugin/router.go:22	router register success
[flying]2021/08/18 - 10:51:42.531	[34minfo[0m	/Users/zhangchengji/GoProjects/flyingv2/coremain/run.go:32	server run success on 	{"address": ":8080"}
[flying]2021/08/18 - 10:52:48.099	[31merror[0m	/Users/zhangchengji/GoProjects/flyingv2/coremain/run.go:33	accept tcp [::]:8080: use of closed network connection
[flying]2021/08/18 - 10:52:51.331	[34minfo[0m	/Users/zhangchengji/GoProjects/flyingv2/core/gin/plugin/router.go:13	use middleware cors
[flying]2021/08/18 - 10:52:51.331	[34minfo[0m	/Users/zhangchengji/GoProjects/flyingv2/core/gin/plugin/router.go:15	register swagger handler
[flying]2021/08/18 - 10:52:51.331	[33mwarn[0m	/Users/zhangchengji/GoProjects/flyingv2/core/etcd/etcd.go:29	Use default etcd connection: http://192.168.1.227:2379
[flying]2021/08/18 - 10:52:51.343	[34minfo[0m	/Users/zhangchengji/GoProjects/flyingv2/core/gin/plugin/router.go:22	router register success
[flying]2021/08/18 - 10:52:51.343	[34minfo[0m	/Users/zhangchengji/GoProjects/flyingv2/coremain/run.go:32	server run success on 	{"address": ":8080"}
[flying]2021/08/18 - 10:53:31.954	[31merror[0m	/Users/zhangchengji/GoProjects/flyingv2/coremain/run.go:33	accept tcp [::]:8080: use of closed network connection
[flying]2021/08/18 - 10:53:34.667	[34minfo[0m	/Users/zhangchengji/GoProjects/flyingv2/core/gin/plugin/router.go:13	use middleware cors
[flying]2021/08/18 - 10:53:34.668	[34minfo[0m	/Users/zhangchengji/GoProjects/flyingv2/core/gin/plugin/router.go:15	register swagger handler
[flying]2021/08/18 - 10:53:34.668	[33mwarn[0m	/Users/zhangchengji/GoProjects/flyingv2/core/etcd/etcd.go:29	Use default etcd connection: http://192.168.1.227:2379
[flying]2021/08/18 - 10:53:34.681	[34minfo[0m	/Users/zhangchengji/GoProjects/flyingv2/core/gin/plugin/router.go:22	router register success
[flying]2021/08/18 - 10:53:34.681	[34minfo[0m	/Users/zhangchengji/GoProjects/flyingv2/coremain/run.go:32	server run success on 	{"address": ":8080"}
[flying]2021/08/18 - 10:54:32.795	[31merror[0m	/Users/zhangchengji/GoProjects/flyingv2/coremain/run.go:33	accept tcp [::]:8080: use of closed network connection
[flying]2021/08/18 - 10:54:41.876	[34minfo[0m	/Users/zhangchengji/GoProjects/flyingv2/core/gin/plugin/router.go:13	use middleware cors
[flying]2021/08/18 - 10:54:41.877	[34minfo[0m	/Users/zhangchengji/GoProjects/flyingv2/core/gin/plugin/router.go:15	register swagger handler
[flying]2021/08/18 - 10:54:41.877	[33mwarn[0m	/Users/zhangchengji/GoProjects/flyingv2/core/etcd/etcd.go:29	Use default etcd connection: http://192.168.1.227:2379
[flying]2021/08/18 - 10:54:41.893	[34minfo[0m	/Users/zhangchengji/GoProjects/flyingv2/core/gin/plugin/router.go:22	router register success
[flying]2021/08/18 - 10:54:41.894	[34minfo[0m	/Users/zhangchengji/GoProjects/flyingv2/coremain/run.go:32	server run success on 	{"address": ":8080"}
[flying]2021/08/18 - 10:54:56.100	[31merror[0m	/Users/zhangchengji/GoProjects/flyingv2/coremain/run.go:33	accept tcp [::]:8080: use of closed network connection
[flying]2021/08/18 - 10:54:59.816	[34minfo[0m	/Users/zhangchengji/GoProjects/flyingv2/core/gin/plugin/router.go:13	use middleware cors
[flying]2021/08/18 - 10:54:59.818	[34minfo[0m	/Users/zhangchengji/GoProjects/flyingv2/core/gin/plugin/router.go:15	register swagger handler
[flying]2021/08/18 - 10:54:59.818	[33mwarn[0m	/Users/zhangchengji/GoProjects/flyingv2/core/etcd/etcd.go:29	Use default etcd connection: http://192.168.1.227:2379
[flying]2021/08/18 - 10:54:59.832	[34minfo[0m	/Users/zhangchengji/GoProjects/flyingv2/core/gin/plugin/router.go:22	router register success
[flying]2021/08/18 - 10:54:59.832	[34minfo[0m	/Users/zhangchengji/GoProjects/flyingv2/coremain/run.go:32	server run success on 	{"address": ":8080"}
[flying]2021/08/18 - 10:58:15.337	[31merror[0m	/Users/zhangchengji/GoProjects/flyingv2/coremain/run.go:33	accept tcp [::]:8080: use of closed network connection
[flying]2021/08/18 - 11:14:57.843	[34minfo[0m	/Users/zhangchengji/GoProjects/flyingv2/core/gin/plugin/router.go:13	use middleware cors
[flying]2021/08/18 - 11:14:57.844	[34minfo[0m	/Users/zhangchengji/GoProjects/flyingv2/core/gin/plugin/router.go:15	register swagger handler
[flying]2021/08/18 - 11:14:57.844	[33mwarn[0m	/Users/zhangchengji/GoProjects/flyingv2/core/etcd/etcd.go:29	Use default etcd connection: http://192.168.1.227:2379
[flying]2021/08/18 - 11:14:59.858	[34minfo[0m	/Users/zhangchengji/GoProjects/flyingv2/core/gin/plugin/router.go:22	router register success
[flying]2021/08/18 - 11:14:59.858	[34minfo[0m	/Users/zhangchengji/GoProjects/flyingv2/coremain/run.go:32	server run success on 	{"address": ":8080"}
[flying]2021/08/18 - 11:20:04.173	[31merror[0m	/Users/zhangchengji/GoProjects/flyingv2/coremain/run.go:33	accept tcp [::]:8080: use of closed network connection
[flying]2021/08/18 - 11:20:07.855	[34minfo[0m	/Users/zhangchengji/GoProjects/flyingv2/core/gin/plugin/router.go:13	use middleware cors
[flying]2021/08/18 - 11:20:07.855	[34minfo[0m	/Users/zhangchengji/GoProjects/flyingv2/core/gin/plugin/router.go:15	register swagger handler
[flying]2021/08/18 - 11:20:07.855	[33mwarn[0m	/Users/zhangchengji/GoProjects/flyingv2/core/etcd/etcd.go:29	Use default etcd connection: http://192.168.1.227:2379
[flying]2021/08/18 - 11:20:07.866	[34minfo[0m	/Users/zhangchengji/GoProjects/flyingv2/core/gin/plugin/router.go:22	router register success
[flying]2021/08/18 - 11:20:07.866	[34minfo[0m	/Users/zhangchengji/GoProjects/flyingv2/coremain/run.go:32	server run success on 	{"address": ":8080"}
[flying]2021/08/18 - 11:20:31.032	[31merror[0m	/Users/zhangchengji/GoProjects/flyingv2/coremain/run.go:33	accept tcp [::]:8080: use of closed network connection
[flying]2021/08/18 - 11:20:34.833	[34minfo[0m	/Users/zhangchengji/GoProjects/flyingv2/core/gin/plugin/router.go:13	use middleware cors
[flying]2021/08/18 - 11:20:34.834	[34minfo[0m	/Users/zhangchengji/GoProjects/flyingv2/core/gin/plugin/router.go:15	register swagger handler
[flying]2021/08/18 - 11:20:34.834	[33mwarn[0m	/Users/zhangchengji/GoProjects/flyingv2/core/etcd/etcd.go:29	Use default etcd connection: http://192.168.1.227:2379
[flying]2021/08/18 - 11:20:34.844	[34minfo[0m	/Users/zhangchengji/GoProjects/flyingv2/core/gin/plugin/router.go:22	router register success
[flying]2021/08/18 - 11:20:34.844	[34minfo[0m	/Users/zhangchengji/GoProjects/flyingv2/coremain/run.go:32	server run success on 	{"address": ":8080"}
[flying]2021/08/18 - 11:27:22.981	[31merror[0m	/Users/zhangchengji/GoProjects/flyingv2/coremain/run.go:33	accept tcp [::]:8080: use of closed network connection
[flying]2021/08/18 - 11:27:26.500	[34minfo[0m	/Users/zhangchengji/GoProjects/flyingv2/core/gin/plugin/router.go:13	use middleware cors
[flying]2021/08/18 - 11:27:26.500	[34minfo[0m	/Users/zhangchengji/GoProjects/flyingv2/core/gin/plugin/router.go:15	register swagger handler
[flying]2021/08/18 - 11:27:26.500	[33mwarn[0m	/Users/zhangchengji/GoProjects/flyingv2/core/etcd/etcd.go:29	Use default etcd connection: http://192.168.1.227:2379
[flying]2021/08/18 - 11:27:33.589	[34minfo[0m	/Users/zhangchengji/GoProjects/flyingv2/core/gin/plugin/router.go:22	router register success
[flying]2021/08/18 - 11:27:33.590	[34minfo[0m	/Users/zhangchengji/GoProjects/flyingv2/coremain/run.go:32	server run success on 	{"address": ":8080"}
[flying]2021/08/18 - 11:28:43.787	[31merror[0m	/Users/zhangchengji/GoProjects/flyingv2/coremain/run.go:33	accept tcp [::]:8080: use of closed network connection
[flying]2021/08/18 - 11:28:47.709	[34minfo[0m	/Users/zhangchengji/GoProjects/flyingv2/core/gin/plugin/router.go:13	use middleware cors
[flying]2021/08/18 - 11:28:47.710	[34minfo[0m	/Users/zhangchengji/GoProjects/flyingv2/core/gin/plugin/router.go:15	register swagger handler
[flying]2021/08/18 - 11:28:47.710	[33mwarn[0m	/Users/zhangchengji/GoProjects/flyingv2/core/etcd/etcd.go:29	Use default etcd connection: http://192.168.1.227:2379
[flying]2021/08/18 - 11:28:47.721	[34minfo[0m	/Users/zhangchengji/GoProjects/flyingv2/core/gin/plugin/router.go:22	router register success
[flying]2021/08/18 - 11:28:47.721	[34minfo[0m	/Users/zhangchengji/GoProjects/flyingv2/coremain/run.go:32	server run success on 	{"address": ":8080"}
[flying]2021/08/18 - 11:28:57.358	[31merror[0m	/Users/zhangchengji/GoProjects/flyingv2/coremain/run.go:33	accept tcp [::]:8080: use of closed network connection
[flying]2021/08/18 - 11:29:11.589	[34minfo[0m	/Users/zhangchengji/GoProjects/flyingv2/core/gin/plugin/router.go:13	use middleware cors
[flying]2021/08/18 - 11:29:11.589	[34minfo[0m	/Users/zhangchengji/GoProjects/flyingv2/core/gin/plugin/router.go:15	register swagger handler
[flying]2021/08/18 - 11:29:11.589	[33mwarn[0m	/Users/zhangchengji/GoProjects/flyingv2/core/etcd/etcd.go:29	Use default etcd connection: http://192.168.1.227:2379
[flying]2021/08/18 - 11:29:11.604	[34minfo[0m	/Users/zhangchengji/GoProjects/flyingv2/core/gin/plugin/router.go:22	router register success
[flying]2021/08/18 - 11:29:11.604	[34minfo[0m	/Users/zhangchengji/GoProjects/flyingv2/coremain/run.go:32	server run success on 	{"address": ":8080"}
[flying]2021/08/18 - 11:44:38.435	[34minfo[0m	/Users/zhangchengji/GoProjects/flyingv2/core/gin/plugin/router.go:13	use middleware cors
[flying]2021/08/18 - 11:44:38.437	[34minfo[0m	/Users/zhangchengji/GoProjects/flyingv2/core/gin/plugin/router.go:15	register swagger handler
[flying]2021/08/18 - 11:44:38.437	[33mwarn[0m	/Users/zhangchengji/GoProjects/flyingv2/core/etcd/etcd.go:29	Use default etcd connection: http://192.168.1.227:2379
[flying]2021/08/18 - 11:44:38.447	[34minfo[0m	/Users/zhangchengji/GoProjects/flyingv2/core/gin/plugin/router.go:22	router register success
[flying]2021/08/18 - 11:44:38.447	[34minfo[0m	/Users/zhangchengji/GoProjects/flyingv2/coremain/run.go:32	server run success on 	{"address": ":8080"}
[flying]2021/08/18 - 11:45:18.624	[31merror[0m	/Users/zhangchengji/GoProjects/flyingv2/coremain/run.go:33	accept tcp [::]:8080: use of closed network connection
[flying]2021/08/18 - 11:45:20.820	[34minfo[0m	/Users/zhangchengji/GoProjects/flyingv2/core/gin/plugin/router.go:13	use middleware cors
[flying]2021/08/18 - 11:45:20.821	[34minfo[0m	/Users/zhangchengji/GoProjects/flyingv2/core/gin/plugin/router.go:15	register swagger handler
[flying]2021/08/18 - 11:45:20.821	[33mwarn[0m	/Users/zhangchengji/GoProjects/flyingv2/core/etcd/etcd.go:29	Use default etcd connection: http://192.168.1.227:2379
[flying]2021/08/18 - 11:45:20.831	[34minfo[0m	/Users/zhangchengji/GoProjects/flyingv2/core/gin/plugin/router.go:22	router register success
[flying]2021/08/18 - 11:45:20.832	[34minfo[0m	/Users/zhangchengji/GoProjects/flyingv2/coremain/run.go:32	server run success on 	{"address": ":8080"}
[flying]2021/08/18 - 11:45:58.388	[31merror[0m	/Users/zhangchengji/GoProjects/flyingv2/coremain/run.go:33	accept tcp [::]:8080: use of closed network connection
[flying]2021/08/18 - 11:46:07.650	[34minfo[0m	/Users/zhangchengji/GoProjects/flyingv2/core/gin/plugin/router.go:13	use middleware cors
[flying]2021/08/18 - 11:46:07.650	[34minfo[0m	/Users/zhangchengji/GoProjects/flyingv2/core/gin/plugin/router.go:15	register swagger handler
[flying]2021/08/18 - 11:46:07.650	[33mwarn[0m	/Users/zhangchengji/GoProjects/flyingv2/core/etcd/etcd.go:29	Use default etcd connection: http://192.168.1.227:2379
[flying]2021/08/18 - 11:46:07.661	[34minfo[0m	/Users/zhangchengji/GoProjects/flyingv2/core/gin/plugin/router.go:22	router register success
[flying]2021/08/18 - 11:46:07.661	[34minfo[0m	/Users/zhangchengji/GoProjects/flyingv2/coremain/run.go:32	server run success on 	{"address": ":8080"}
[flying]2021/08/18 - 11:47:38.405	[34minfo[0m	/Users/zhangchengji/GoProjects/flyingv2/core/gin/plugin/router.go:13	use middleware cors
[flying]2021/08/18 - 11:47:38.406	[34minfo[0m	/Users/zhangchengji/GoProjects/flyingv2/core/gin/plugin/router.go:15	register swagger handler
[flying]2021/08/18 - 11:47:38.406	[33mwarn[0m	/Users/zhangchengji/GoProjects/flyingv2/core/etcd/etcd.go:29	Use default etcd connection: http://192.168.1.227:2379
[flying]2021/08/18 - 11:47:38.420	[34minfo[0m	/Users/zhangchengji/GoProjects/flyingv2/core/gin/plugin/router.go:22	router register success
[flying]2021/08/18 - 11:47:38.420	[34minfo[0m	/Users/zhangchengji/GoProjects/flyingv2/coremain/run.go:32	server run success on 	{"address": ":8080"}
[flying]2021/08/18 - 11:49:27.875	[34minfo[0m	/Users/zhangchengji/GoProjects/flyingv2/core/gin/plugin/router.go:13	use middleware cors
[flying]2021/08/18 - 11:49:27.877	[34minfo[0m	/Users/zhangchengji/GoProjects/flyingv2/core/gin/plugin/router.go:15	register swagger handler
[flying]2021/08/18 - 11:49:27.878	[33mwarn[0m	/Users/zhangchengji/GoProjects/flyingv2/core/etcd/etcd.go:29	Use default etcd connection: http://192.168.1.227:2379
[flying]2021/08/18 - 11:49:27.889	[34minfo[0m	/Users/zhangchengji/GoProjects/flyingv2/core/gin/plugin/router.go:22	router register success
[flying]2021/08/18 - 11:49:27.889	[34minfo[0m	/Users/zhangchengji/GoProjects/flyingv2/coremain/run.go:32	server run success on 	{"address": ":8080"}
[flying]2021/08/18 - 14:00:40.596	[31merror[0m	/Users/zhangchengji/GoProjects/flyingv2/coremain/run.go:33	accept tcp [::]:8080: use of closed network connection
[flying]2021/08/18 - 14:00:44.040	[34minfo[0m	/Users/zhangchengji/GoProjects/flyingv2/core/gin/plugin/router.go:13	use middleware cors
[flying]2021/08/18 - 14:00:44.041	[34minfo[0m	/Users/zhangchengji/GoProjects/flyingv2/core/gin/plugin/router.go:15	register swagger handler
[flying]2021/08/18 - 14:00:44.041	[33mwarn[0m	/Users/zhangchengji/GoProjects/flyingv2/core/etcd/etcd.go:29	Use default etcd connection: http://192.168.1.227:2379
[flying]2021/08/18 - 14:00:48.450	[34minfo[0m	/Users/zhangchengji/GoProjects/flyingv2/core/gin/plugin/router.go:22	router register success
[flying]2021/08/18 - 14:00:48.450	[34minfo[0m	/Users/zhangchengji/GoProjects/flyingv2/coremain/run.go:32	server run success on 	{"address": ":8080"}
[flying]2021/08/18 - 14:10:33.284	[31merror[0m	/Users/zhangchengji/GoProjects/flyingv2/coremain/run.go:33	accept tcp [::]:8080: use of closed network connection
[flying]2021/08/18 - 14:10:56.911	[34minfo[0m	/Users/zhangchengji/GoProjects/flyingv2/core/gin/plugin/router.go:13	use middleware cors
[flying]2021/08/18 - 14:10:56.954	[34minfo[0m	/Users/zhangchengji/GoProjects/flyingv2/core/gin/plugin/router.go:15	register swagger handler
[flying]2021/08/18 - 14:10:56.954	[33mwarn[0m	/Users/zhangchengji/GoProjects/flyingv2/core/etcd/etcd.go:29	Use default etcd connection: http://192.168.1.227:2379
[flying]2021/08/18 - 14:10:56.962	[34minfo[0m	/Users/zhangchengji/GoProjects/flyingv2/core/gin/plugin/router.go:22	router register success
[flying]2021/08/18 - 14:10:56.962	[34minfo[0m	/Users/zhangchengji/GoProjects/flyingv2/coremain/run.go:32	server run success on 	{"address": ":8080"}
[flying]2021/08/18 - 14:12:22.659	[31merror[0m	/Users/zhangchengji/GoProjects/flyingv2/coremain/run.go:33	accept tcp [::]:8080: use of closed network connection
[flying]2021/08/18 - 14:12:31.399	[34minfo[0m	/Users/zhangchengji/GoProjects/flyingv2/core/gin/plugin/router.go:13	use middleware cors
[flying]2021/08/18 - 14:12:31.399	[34minfo[0m	/Users/zhangchengji/GoProjects/flyingv2/core/gin/plugin/router.go:15	register swagger handler
[flying]2021/08/18 - 14:12:31.399	[33mwarn[0m	/Users/zhangchengji/GoProjects/flyingv2/core/etcd/etcd.go:29	Use default etcd connection: http://192.168.1.227:2379
[flying]2021/08/18 - 14:12:31.415	[34minfo[0m	/Users/zhangchengji/GoProjects/flyingv2/core/gin/plugin/router.go:22	router register success
[flying]2021/08/18 - 14:12:31.415	[34minfo[0m	/Users/zhangchengji/GoProjects/flyingv2/coremain/run.go:32	server run success on 	{"address": ":8080"}
[flying]2021/08/18 - 14:16:17.486	[34minfo[0m	/Users/zhangchengji/GoProjects/flyingv2/core/gin/plugin/router.go:13	use middleware cors
[flying]2021/08/18 - 14:16:17.487	[34minfo[0m	/Users/zhangchengji/GoProjects/flyingv2/core/gin/plugin/router.go:15	register swagger handler
[flying]2021/08/18 - 14:16:17.487	[33mwarn[0m	/Users/zhangchengji/GoProjects/flyingv2/core/etcd/etcd.go:29	Use default etcd connection: http://192.168.1.227:2379
[flying]2021/08/18 - 14:16:17.497	[34minfo[0m	/Users/zhangchengji/GoProjects/flyingv2/core/gin/plugin/router.go:22	router register success
[flying]2021/08/18 - 14:16:17.497	[34minfo[0m	/Users/zhangchengji/GoProjects/flyingv2/coremain/run.go:32	server run success on 	{"address": ":8080"}
[flying]2021/08/18 - 14:19:07.610	[34minfo[0m	/Users/zhangchengji/GoProjects/flyingv2/core/gin/plugin/router.go:13	use middleware cors
[flying]2021/08/18 - 14:19:07.611	[34minfo[0m	/Users/zhangchengji/GoProjects/flyingv2/core/gin/plugin/router.go:15	register swagger handler
[flying]2021/08/18 - 14:19:07.611	[33mwarn[0m	/Users/zhangchengji/GoProjects/flyingv2/core/etcd/etcd.go:29	Use default etcd connection: http://192.168.1.227:2379
[flying]2021/08/18 - 14:19:07.622	[34minfo[0m	/Users/zhangchengji/GoProjects/flyingv2/core/gin/plugin/router.go:22	router register success
[flying]2021/08/18 - 14:19:07.622	[34minfo[0m	/Users/zhangchengji/GoProjects/flyingv2/coremain/run.go:32	server run success on 	{"address": ":8080"}
[flying]2021/08/18 - 14:21:33.648	[34minfo[0m	/Users/zhangchengji/GoProjects/flyingv2/core/gin/plugin/router.go:13	use middleware cors
[flying]2021/08/18 - 14:21:33.649	[34minfo[0m	/Users/zhangchengji/GoProjects/flyingv2/core/gin/plugin/router.go:15	register swagger handler
[flying]2021/08/18 - 14:21:33.649	[33mwarn[0m	/Users/zhangchengji/GoProjects/flyingv2/core/etcd/etcd.go:29	Use default etcd connection: http://192.168.1.227:2379
[flying]2021/08/18 - 14:21:33.661	[34minfo[0m	/Users/zhangchengji/GoProjects/flyingv2/core/gin/plugin/router.go:22	router register success
[flying]2021/08/18 - 14:21:33.661	[34minfo[0m	/Users/zhangchengji/GoProjects/flyingv2/coremain/run.go:32	server run success on 	{"address": ":8080"}
[flying]2021/08/18 - 14:24:01.282	[34minfo[0m	/Users/zhangchengji/GoProjects/flyingv2/core/gin/plugin/router.go:13	use middleware cors
[flying]2021/08/18 - 14:24:01.282	[34minfo[0m	/Users/zhangchengji/GoProjects/flyingv2/core/gin/plugin/router.go:15	register swagger handler
[flying]2021/08/18 - 14:24:01.282	[33mwarn[0m	/Users/zhangchengji/GoProjects/flyingv2/core/etcd/etcd.go:29	Use default etcd connection: http://192.168.1.227:2379
[flying]2021/08/18 - 14:24:01.294	[34minfo[0m	/Users/zhangchengji/GoProjects/flyingv2/core/gin/plugin/router.go:22	router register success
[flying]2021/08/18 - 14:24:01.294	[34minfo[0m	/Users/zhangchengji/GoProjects/flyingv2/coremain/run.go:32	server run success on 	{"address": ":8080"}
[flying]2021/08/18 - 14:27:48.993	[34minfo[0m	/Users/zhangchengji/GoProjects/flyingv2/core/gin/plugin/router.go:13	use middleware cors
[flying]2021/08/18 - 14:27:48.994	[34minfo[0m	/Users/zhangchengji/GoProjects/flyingv2/core/gin/plugin/router.go:15	register swagger handler
[flying]2021/08/18 - 14:27:48.994	[33mwarn[0m	/Users/zhangchengji/GoProjects/flyingv2/core/etcd/etcd.go:29	Use default etcd connection: http://192.168.1.227:2379
[flying]2021/08/18 - 14:27:49.005	[34minfo[0m	/Users/zhangchengji/GoProjects/flyingv2/core/gin/plugin/router.go:22	router register success
[flying]2021/08/18 - 14:27:49.005	[34minfo[0m	/Users/zhangchengji/GoProjects/flyingv2/coremain/run.go:32	server run success on 	{"address": ":8080"}
[flying]2021/08/18 - 14:29:58.243	[34minfo[0m	/Users/zhangchengji/GoProjects/flyingv2/core/gin/plugin/router.go:13	use middleware cors
[flying]2021/08/18 - 14:29:58.244	[34minfo[0m	/Users/zhangchengji/GoProjects/flyingv2/core/gin/plugin/router.go:15	register swagger handler
[flying]2021/08/18 - 14:29:58.244	[33mwarn[0m	/Users/zhangchengji/GoProjects/flyingv2/core/etcd/etcd.go:29	Use default etcd connection: http://192.168.1.227:2379
[flying]2021/08/18 - 14:29:58.254	[34minfo[0m	/Users/zhangchengji/GoProjects/flyingv2/core/gin/plugin/router.go:22	router register success
[flying]2021/08/18 - 14:29:58.254	[34minfo[0m	/Users/zhangchengji/GoProjects/flyingv2/coremain/run.go:32	server run success on 	{"address": ":8080"}
[flying]2021/08/18 - 14:30:17.755	[31merror[0m	/Users/zhangchengji/GoProjects/flyingv2/coremain/run.go:33	accept tcp [::]:8080: use of closed network connection
[flying]2021/08/18 - 14:30:26.489	[34minfo[0m	/Users/zhangchengji/GoProjects/flyingv2/core/gin/plugin/router.go:13	use middleware cors
[flying]2021/08/18 - 14:30:26.489	[34minfo[0m	/Users/zhangchengji/GoProjects/flyingv2/core/gin/plugin/router.go:15	register swagger handler
[flying]2021/08/18 - 14:30:26.489	[33mwarn[0m	/Users/zhangchengji/GoProjects/flyingv2/core/etcd/etcd.go:29	Use default etcd connection: http://192.168.1.227:2379
[flying]2021/08/18 - 14:30:26.500	[34minfo[0m	/Users/zhangchengji/GoProjects/flyingv2/core/gin/plugin/router.go:22	router register success
[flying]2021/08/18 - 14:30:26.501	[34minfo[0m	/Users/zhangchengji/GoProjects/flyingv2/coremain/run.go:32	server run success on 	{"address": ":8080"}
[flying]2021/08/18 - 14:30:52.588	[34minfo[0m	/Users/zhangchengji/GoProjects/flyingv2/core/gin/plugin/router.go:13	use middleware cors
[flying]2021/08/18 - 14:30:52.588	[34minfo[0m	/Users/zhangchengji/GoProjects/flyingv2/core/gin/plugin/router.go:15	register swagger handler
[flying]2021/08/18 - 14:30:52.588	[33mwarn[0m	/Users/zhangchengji/GoProjects/flyingv2/core/etcd/etcd.go:29	Use default etcd connection: http://192.168.1.227:2379
[flying]2021/08/18 - 14:30:52.600	[34minfo[0m	/Users/zhangchengji/GoProjects/flyingv2/core/gin/plugin/router.go:22	router register success
[flying]2021/08/18 - 14:30:52.600	[34minfo[0m	/Users/zhangchengji/GoProjects/flyingv2/coremain/run.go:32	server run success on 	{"address": ":8080"}
[flying]2021/08/18 - 15:31:18.349	[31merror[0m	/Users/zhangchengji/GoProjects/flyingv2/coremain/run.go:33	accept tcp [::]:8080: use of closed network connection
[flying]2021/08/18 - 15:31:27.875	[34minfo[0m	/Users/zhangchengji/GoProjects/flyingv2/core/gin/plugin/router.go:13	use middleware cors
[flying]2021/08/18 - 15:31:27.876	[34minfo[0m	/Users/zhangchengji/GoProjects/flyingv2/core/gin/plugin/router.go:15	register swagger handler
[flying]2021/08/18 - 15:31:27.876	[33mwarn[0m	/Users/zhangchengji/GoProjects/flyingv2/core/etcd/etcd.go:29	Use default etcd connection: http://192.168.1.227:2379
[flying]2021/08/18 - 15:31:27.887	[34minfo[0m	/Users/zhangchengji/GoProjects/flyingv2/core/gin/plugin/router.go:22	router register success
[flying]2021/08/18 - 15:31:27.888	[34minfo[0m	/Users/zhangchengji/GoProjects/flyingv2/coremain/run.go:32	server run success on 	{"address": ":8080"}
[flying]2021/08/18 - 15:33:20.530	[34minfo[0m	/Users/zhangchengji/GoProjects/flyingv2/core/gin/plugin/router.go:13	use middleware cors
[flying]2021/08/18 - 15:33:20.531	[34minfo[0m	/Users/zhangchengji/GoProjects/flyingv2/core/gin/plugin/router.go:15	register swagger handler
[flying]2021/08/18 - 15:33:20.531	[33mwarn[0m	/Users/zhangchengji/GoProjects/flyingv2/core/etcd/etcd.go:29	Use default etcd connection: http://192.168.1.227:2379
[flying]2021/08/18 - 15:33:20.544	[34minfo[0m	/Users/zhangchengji/GoProjects/flyingv2/core/gin/plugin/router.go:22	router register success
[flying]2021/08/18 - 15:33:20.544	[34minfo[0m	/Users/zhangchengji/GoProjects/flyingv2/coremain/run.go:32	server run success on 	{"address": ":8080"}
[flying]2021/08/18 - 15:33:50.415	[31merror[0m	/Users/zhangchengji/GoProjects/flyingv2/coremain/run.go:33	accept tcp [::]:8080: use of closed network connection
[flying]2021/08/18 - 15:33:52.813	[34minfo[0m	/Users/zhangchengji/GoProjects/flyingv2/core/gin/plugin/router.go:13	use middleware cors
[flying]2021/08/18 - 15:33:52.813	[34minfo[0m	/Users/zhangchengji/GoProjects/flyingv2/core/gin/plugin/router.go:15	register swagger handler
[flying]2021/08/18 - 15:33:52.814	[33mwarn[0m	/Users/zhangchengji/GoProjects/flyingv2/core/etcd/etcd.go:29	Use default etcd connection: http://192.168.1.227:2379
[flying]2021/08/18 - 15:33:52.825	[34minfo[0m	/Users/zhangchengji/GoProjects/flyingv2/core/gin/plugin/router.go:22	router register success
[flying]2021/08/18 - 15:33:52.825	[34minfo[0m	/Users/zhangchengji/GoProjects/flyingv2/coremain/run.go:32	server run success on 	{"address": ":8080"}
[flying]2021/08/18 - 15:34:32.474	[31merror[0m	/Users/zhangchengji/GoProjects/flyingv2/coremain/run.go:33	accept tcp [::]:8080: use of closed network connection
[flying]2021/08/18 - 15:34:34.943	[34minfo[0m	/Users/zhangchengji/GoProjects/flyingv2/core/gin/plugin/router.go:13	use middleware cors
[flying]2021/08/18 - 15:34:34.944	[34minfo[0m	/Users/zhangchengji/GoProjects/flyingv2/core/gin/plugin/router.go:15	register swagger handler
[flying]2021/08/18 - 15:34:34.944	[33mwarn[0m	/Users/zhangchengji/GoProjects/flyingv2/core/etcd/etcd.go:29	Use default etcd connection: http://192.168.1.227:2379
[flying]2021/08/18 - 15:34:34.960	[34minfo[0m	/Users/zhangchengji/GoProjects/flyingv2/core/gin/plugin/router.go:22	router register success
[flying]2021/08/18 - 15:34:34.960	[34minfo[0m	/Users/zhangchengji/GoProjects/flyingv2/coremain/run.go:32	server run success on 	{"address": ":8080"}
[flying]2021/08/18 - 15:36:19.691	[31merror[0m	/Users/zhangchengji/GoProjects/flyingv2/coremain/run.go:33	accept tcp [::]:8080: use of closed network connection
[flying]2021/08/18 - 15:36:23.098	[34minfo[0m	/Users/zhangchengji/GoProjects/flyingv2/core/gin/plugin/router.go:13	use middleware cors
[flying]2021/08/18 - 15:36:23.099	[34minfo[0m	/Users/zhangchengji/GoProjects/flyingv2/core/gin/plugin/router.go:15	register swagger handler
[flying]2021/08/18 - 15:36:23.099	[33mwarn[0m	/Users/zhangchengji/GoProjects/flyingv2/core/etcd/etcd.go:29	Use default etcd connection: http://192.168.1.227:2379
[flying]2021/08/18 - 15:36:23.112	[34minfo[0m	/Users/zhangchengji/GoProjects/flyingv2/core/gin/plugin/router.go:22	router register success
[flying]2021/08/18 - 15:36:23.112	[34minfo[0m	/Users/zhangchengji/GoProjects/flyingv2/coremain/run.go:32	server run success on 	{"address": ":8080"}
[flying]2021/08/18 - 15:36:55.054	[31merror[0m	/Users/zhangchengji/GoProjects/flyingv2/coremain/run.go:33	accept tcp [::]:8080: use of closed network connection
[flying]2021/08/18 - 15:36:57.493	[34minfo[0m	/Users/zhangchengji/GoProjects/flyingv2/core/gin/plugin/router.go:13	use middleware cors
[flying]2021/08/18 - 15:36:57.494	[34minfo[0m	/Users/zhangchengji/GoProjects/flyingv2/core/gin/plugin/router.go:15	register swagger handler
[flying]2021/08/18 - 15:36:57.494	[33mwarn[0m	/Users/zhangchengji/GoProjects/flyingv2/core/etcd/etcd.go:29	Use default etcd connection: http://192.168.1.227:2379
[flying]2021/08/18 - 15:36:57.503	[34minfo[0m	/Users/zhangchengji/GoProjects/flyingv2/core/gin/plugin/router.go:22	router register success
[flying]2021/08/18 - 15:36:57.504	[34minfo[0m	/Users/zhangchengji/GoProjects/flyingv2/coremain/run.go:32	server run success on 	{"address": ":8080"}
[flying]2021/08/18 - 15:37:07.784	[31merror[0m	/Users/zhangchengji/GoProjects/flyingv2/coremain/run.go:33	accept tcp [::]:8080: use of closed network connection
[flying]2021/08/18 - 15:37:16.532	[34minfo[0m	/Users/zhangchengji/GoProjects/flyingv2/core/gin/plugin/router.go:13	use middleware cors
[flying]2021/08/18 - 15:37:16.532	[34minfo[0m	/Users/zhangchengji/GoProjects/flyingv2/core/gin/plugin/router.go:15	register swagger handler
[flying]2021/08/18 - 15:37:16.532	[33mwarn[0m	/Users/zhangchengji/GoProjects/flyingv2/core/etcd/etcd.go:29	Use default etcd connection: http://192.168.1.227:2379
[flying]2021/08/18 - 15:37:16.545	[34minfo[0m	/Users/zhangchengji/GoProjects/flyingv2/core/gin/plugin/router.go:22	router register success
[flying]2021/08/18 - 15:37:16.545	[34minfo[0m	/Users/zhangchengji/GoProjects/flyingv2/coremain/run.go:32	server run success on 	{"address": ":8080"}
[flying]2021/08/18 - 16:10:13.318	[34minfo[0m	/Users/zhangchengji/GoProjects/flyingv2/core/gin/plugin/router.go:13	use middleware cors
[flying]2021/08/18 - 16:10:13.320	[34minfo[0m	/Users/zhangchengji/GoProjects/flyingv2/core/gin/plugin/router.go:15	register swagger handler
[flying]2021/08/18 - 16:10:13.320	[33mwarn[0m	/Users/zhangchengji/GoProjects/flyingv2/core/etcd/etcd.go:29	Use default etcd connection: http://192.168.1.227:2379
[flying]2021/08/18 - 16:10:21.895	[34minfo[0m	/Users/zhangchengji/GoProjects/flyingv2/core/gin/plugin/router.go:22	router register success
[flying]2021/08/18 - 16:10:21.895	[34minfo[0m	/Users/zhangchengji/GoProjects/flyingv2/coremain/run.go:32	server run success on 	{"address": ":8080"}
[flying]2021/08/18 - 16:10:56.731	[34minfo[0m	/Users/zhangchengji/GoProjects/flyingv2/core/gin/plugin/router.go:13	use middleware cors
[flying]2021/08/18 - 16:10:56.734	[34minfo[0m	/Users/zhangchengji/GoProjects/flyingv2/core/gin/plugin/router.go:15	register swagger handler
[flying]2021/08/18 - 16:10:56.734	[33mwarn[0m	/Users/zhangchengji/GoProjects/flyingv2/core/etcd/etcd.go:29	Use default etcd connection: http://192.168.1.227:2379
[flying]2021/08/18 - 16:10:56.745	[34minfo[0m	/Users/zhangchengji/GoProjects/flyingv2/core/gin/plugin/router.go:22	router register success
[flying]2021/08/18 - 16:10:56.746	[34minfo[0m	/Users/zhangchengji/GoProjects/flyingv2/coremain/run.go:32	server run success on 	{"address": ":8080"}
[flying]2021/08/18 - 16:11:50.693	[34minfo[0m	/Users/zhangchengji/GoProjects/flyingv2/core/gin/plugin/router.go:13	use middleware cors
[flying]2021/08/18 - 16:11:50.694	[34minfo[0m	/Users/zhangchengji/GoProjects/flyingv2/core/gin/plugin/router.go:15	register swagger handler
[flying]2021/08/18 - 16:11:50.694	[33mwarn[0m	/Users/zhangchengji/GoProjects/flyingv2/core/etcd/etcd.go:29	Use default etcd connection: http://192.168.1.227:2379
[flying]2021/08/18 - 16:11:50.705	[34minfo[0m	/Users/zhangchengji/GoProjects/flyingv2/core/gin/plugin/router.go:22	router register success
[flying]2021/08/18 - 16:11:50.705	[34minfo[0m	/Users/zhangchengji/GoProjects/flyingv2/coremain/run.go:32	server run success on 	{"address": ":8080"}
[flying]2021/08/18 - 16:11:51.750	[31merror[0m	/Users/zhangchengji/GoProjects/flyingv2/coremain/run.go:33	accept tcp [::]:8080: use of closed network connection
[flying]2021/08/18 - 16:12:00.377	[34minfo[0m	/Users/zhangchengji/GoProjects/flyingv2/core/gin/plugin/router.go:13	use middleware cors
[flying]2021/08/18 - 16:12:00.378	[34minfo[0m	/Users/zhangchengji/GoProjects/flyingv2/core/gin/plugin/router.go:15	register swagger handler
[flying]2021/08/18 - 16:12:00.378	[33mwarn[0m	/Users/zhangchengji/GoProjects/flyingv2/core/etcd/etcd.go:29	Use default etcd connection: http://192.168.1.227:2379
[flying]2021/08/18 - 16:12:00.393	[34minfo[0m	/Users/zhangchengji/GoProjects/flyingv2/core/gin/plugin/router.go:22	router register success
[flying]2021/08/18 - 16:12:00.393	[34minfo[0m	/Users/zhangchengji/GoProjects/flyingv2/coremain/run.go:32	server run success on 	{"address": ":8080"}
[flying]2021/08/18 - 16:20:11.073	[34minfo[0m	/Users/zhangchengji/GoProjects/flyingv2/core/gin/plugin/router.go:13	use middleware cors
[flying]2021/08/18 - 16:20:11.075	[34minfo[0m	/Users/zhangchengji/GoProjects/flyingv2/core/gin/plugin/router.go:15	register swagger handler
[flying]2021/08/18 - 16:20:11.075	[33mwarn[0m	/Users/zhangchengji/GoProjects/flyingv2/core/etcd/etcd.go:29	Use default etcd connection: http://192.168.1.227:2379
[flying]2021/08/18 - 16:20:11.087	[34minfo[0m	/Users/zhangchengji/GoProjects/flyingv2/core/gin/plugin/router.go:22	router register success
[flying]2021/08/18 - 16:20:11.087	[34minfo[0m	/Users/zhangchengji/GoProjects/flyingv2/coremain/run.go:32	server run success on 	{"address": ":8080"}
[flying]2021/08/18 - 16:22:17.870	[34minfo[0m	/Users/zhangchengji/GoProjects/flyingv2/core/gin/plugin/router.go:13	use middleware cors
[flying]2021/08/18 - 16:22:17.871	[34minfo[0m	/Users/zhangchengji/GoProjects/flyingv2/core/gin/plugin/router.go:15	register swagger handler
[flying]2021/08/18 - 16:22:17.871	[33mwarn[0m	/Users/zhangchengji/GoProjects/flyingv2/core/etcd/etcd.go:29	Use default etcd connection: http://192.168.1.227:2379
[flying]2021/08/18 - 16:22:17.882	[34minfo[0m	/Users/zhangchengji/GoProjects/flyingv2/core/gin/plugin/router.go:22	router register success
[flying]2021/08/18 - 16:22:17.882	[34minfo[0m	/Users/zhangchengji/GoProjects/flyingv2/coremain/run.go:32	server run success on 	{"address": ":8080"}
[flying]2021/08/18 - 16:23:10.039	[34minfo[0m	/Users/zhangchengji/GoProjects/flyingv2/core/gin/plugin/router.go:13	use middleware cors
[flying]2021/08/18 - 16:23:10.039	[34minfo[0m	/Users/zhangchengji/GoProjects/flyingv2/core/gin/plugin/router.go:15	register swagger handler
[flying]2021/08/18 - 16:23:10.039	[33mwarn[0m	/Users/zhangchengji/GoProjects/flyingv2/core/etcd/etcd.go:29	Use default etcd connection: http://192.168.1.227:2379
[flying]2021/08/18 - 16:23:10.053	[34minfo[0m	/Users/zhangchengji/GoProjects/flyingv2/core/gin/plugin/router.go:22	router register success
[flying]2021/08/18 - 16:23:10.053	[34minfo[0m	/Users/zhangchengji/GoProjects/flyingv2/coremain/run.go:32	server run success on 	{"address": ":8080"}
[flying]2021/08/18 - 16:24:25.758	[34minfo[0m	/Users/zhangchengji/GoProjects/flyingv2/core/gin/plugin/router.go:13	use middleware cors
[flying]2021/08/18 - 16:24:25.759	[34minfo[0m	/Users/zhangchengji/GoProjects/flyingv2/core/gin/plugin/router.go:15	register swagger handler
[flying]2021/08/18 - 16:24:25.759	[33mwarn[0m	/Users/zhangchengji/GoProjects/flyingv2/core/etcd/etcd.go:29	Use default etcd connection: http://192.168.1.227:2379
[flying]2021/08/18 - 16:24:25.775	[34minfo[0m	/Users/zhangchengji/GoProjects/flyingv2/core/gin/plugin/router.go:22	router register success
[flying]2021/08/18 - 16:24:25.775	[34minfo[0m	/Users/zhangchengji/GoProjects/flyingv2/coremain/run.go:32	server run success on 	{"address": ":8080"}
[flying]2021/08/18 - 16:29:54.713	[34minfo[0m	/Users/zhangchengji/GoProjects/flyingv2/core/gin/plugin/router.go:13	use middleware cors
[flying]2021/08/18 - 16:29:54.715	[34minfo[0m	/Users/zhangchengji/GoProjects/flyingv2/core/gin/plugin/router.go:15	register swagger handler
[flying]2021/08/18 - 16:29:54.715	[33mwarn[0m	/Users/zhangchengji/GoProjects/flyingv2/core/etcd/etcd.go:29	Use default etcd connection: http://192.168.1.227:2379
[flying]2021/08/18 - 16:29:54.726	[34minfo[0m	/Users/zhangchengji/GoProjects/flyingv2/core/gin/plugin/router.go:22	router register success
[flying]2021/08/18 - 16:29:54.726	[34minfo[0m	/Users/zhangchengji/GoProjects/flyingv2/coremain/run.go:32	server run success on 	{"address": ":8080"}
[flying]2021/08/18 - 16:30:16.278	[31merror[0m	/Users/zhangchengji/GoProjects/flyingv2/coremain/run.go:33	accept tcp [::]:8080: use of closed network connection
[flying]2021/08/18 - 16:30:18.427	[34minfo[0m	/Users/zhangchengji/GoProjects/flyingv2/core/gin/plugin/router.go:13	use middleware cors
[flying]2021/08/18 - 16:30:18.428	[34minfo[0m	/Users/zhangchengji/GoProjects/flyingv2/core/gin/plugin/router.go:15	register swagger handler
[flying]2021/08/18 - 16:30:18.428	[33mwarn[0m	/Users/zhangchengji/GoProjects/flyingv2/core/etcd/etcd.go:29	Use default etcd connection: http://192.168.1.227:2379
[flying]2021/08/18 - 16:30:18.451	[34minfo[0m	/Users/zhangchengji/GoProjects/flyingv2/core/gin/plugin/router.go:22	router register success
[flying]2021/08/18 - 16:30:18.451	[34minfo[0m	/Users/zhangchengji/GoProjects/flyingv2/coremain/run.go:32	server run success on 	{"address": ":8080"}
[flying]2021/08/18 - 16:30:26.103	[31merror[0m	/Users/zhangchengji/GoProjects/flyingv2/coremain/run.go:33	accept tcp [::]:8080: use of closed network connection
[flying]2021/08/18 - 16:30:34.554	[34minfo[0m	/Users/zhangchengji/GoProjects/flyingv2/core/gin/plugin/router.go:13	use middleware cors
[flying]2021/08/18 - 16:30:34.554	[34minfo[0m	/Users/zhangchengji/GoProjects/flyingv2/core/gin/plugin/router.go:15	register swagger handler
[flying]2021/08/18 - 16:30:34.554	[33mwarn[0m	/Users/zhangchengji/GoProjects/flyingv2/core/etcd/etcd.go:29	Use default etcd connection: http://192.168.1.227:2379
[flying]2021/08/18 - 16:30:34.566	[34minfo[0m	/Users/zhangchengji/GoProjects/flyingv2/core/gin/plugin/router.go:22	router register success
[flying]2021/08/18 - 16:30:34.566	[34minfo[0m	/Users/zhangchengji/GoProjects/flyingv2/coremain/run.go:32	server run success on 	{"address": ":8080"}
[flying]2021/08/18 - 16:31:11.105	[34minfo[0m	/Users/zhangchengji/GoProjects/flyingv2/core/gin/plugin/router.go:13	use middleware cors
[flying]2021/08/18 - 16:31:11.106	[34minfo[0m	/Users/zhangchengji/GoProjects/flyingv2/core/gin/plugin/router.go:15	register swagger handler
[flying]2021/08/18 - 16:31:11.106	[33mwarn[0m	/Users/zhangchengji/GoProjects/flyingv2/core/etcd/etcd.go:29	Use default etcd connection: http://192.168.1.227:2379
[flying]2021/08/18 - 16:31:11.119	[34minfo[0m	/Users/zhangchengji/GoProjects/flyingv2/core/gin/plugin/router.go:22	router register success
[flying]2021/08/18 - 16:31:11.119	[34minfo[0m	/Users/zhangchengji/GoProjects/flyingv2/coremain/run.go:32	server run success on 	{"address": ":8080"}
[flying]2021/08/18 - 16:48:01.590	[34minfo[0m	/Users/zhangchengji/GoProjects/flyingv2/core/gin/plugin/router.go:13	use middleware cors
[flying]2021/08/18 - 16:48:01.592	[34minfo[0m	/Users/zhangchengji/GoProjects/flyingv2/core/gin/plugin/router.go:15	register swagger handler
[flying]2021/08/18 - 16:48:01.592	[33mwarn[0m	/Users/zhangchengji/GoProjects/flyingv2/core/etcd/etcd.go:29	Use default etcd connection: http://192.168.1.227:2379
[flying]2021/08/18 - 16:48:03.612	[34minfo[0m	/Users/zhangchengji/GoProjects/flyingv2/core/gin/plugin/router.go:22	router register success
[flying]2021/08/18 - 16:48:03.612	[34minfo[0m	/Users/zhangchengji/GoProjects/flyingv2/coremain/run.go:32	server run success on 	{"address": ":8080"}
[flying]2021/08/18 - 16:48:19.832	[31merror[0m	/Users/zhangchengji/GoProjects/flyingv2/coremain/run.go:33	accept tcp [::]:8080: use of closed network connection
[flying]2021/08/18 - 16:48:22.227	[34minfo[0m	/Users/zhangchengji/GoProjects/flyingv2/core/gin/plugin/router.go:13	use middleware cors
[flying]2021/08/18 - 16:48:22.228	[34minfo[0m	/Users/zhangchengji/GoProjects/flyingv2/core/gin/plugin/router.go:15	register swagger handler
[flying]2021/08/18 - 16:48:22.228	[33mwarn[0m	/Users/zhangchengji/GoProjects/flyingv2/core/etcd/etcd.go:29	Use default etcd connection: http://192.168.1.227:2379
[flying]2021/08/18 - 16:48:22.239	[34minfo[0m	/Users/zhangchengji/GoProjects/flyingv2/core/gin/plugin/router.go:22	router register success
[flying]2021/08/18 - 16:48:22.239	[34minfo[0m	/Users/zhangchengji/GoProjects/flyingv2/coremain/run.go:32	server run success on 	{"address": ":8080"}
[flying]2021/08/18 - 16:48:38.073	[31merror[0m	/Users/zhangchengji/GoProjects/flyingv2/coremain/run.go:33	accept tcp [::]:8080: use of closed network connection
[flying]2021/08/18 - 16:48:46.820	[34minfo[0m	/Users/zhangchengji/GoProjects/flyingv2/core/gin/plugin/router.go:13	use middleware cors
[flying]2021/08/18 - 16:48:46.820	[34minfo[0m	/Users/zhangchengji/GoProjects/flyingv2/core/gin/plugin/router.go:15	register swagger handler
[flying]2021/08/18 - 16:48:46.820	[33mwarn[0m	/Users/zhangchengji/GoProjects/flyingv2/core/etcd/etcd.go:29	Use default etcd connection: http://192.168.1.227:2379
[flying]2021/08/18 - 16:48:46.832	[34minfo[0m	/Users/zhangchengji/GoProjects/flyingv2/core/gin/plugin/router.go:22	router register success
[flying]2021/08/18 - 16:48:46.832	[34minfo[0m	/Users/zhangchengji/GoProjects/flyingv2/coremain/run.go:32	server run success on 	{"address": ":8080"}
[flying]2021/08/18 - 17:32:33.518	[34minfo[0m	/Users/zhangchengji/GoProjects/flyingv2/core/gin/plugin/router.go:13	use middleware cors
[flying]2021/08/18 - 17:32:33.519	[34minfo[0m	/Users/zhangchengji/GoProjects/flyingv2/core/gin/plugin/router.go:15	register swagger handler
[flying]2021/08/18 - 17:32:33.519	[33mwarn[0m	/Users/zhangchengji/GoProjects/flyingv2/core/etcd/etcd.go:29	Use default etcd connection: http://192.168.1.227:2379
[flying]2021/08/18 - 17:32:38.536	[34minfo[0m	/Users/zhangchengji/GoProjects/flyingv2/core/gin/plugin/router.go:22	router register success
[flying]2021/08/18 - 17:32:38.536	[34minfo[0m	/Users/zhangchengji/GoProjects/flyingv2/coremain/run.go:32	server run success on 	{"address": ":8080"}
[flying]2021/08/18 - 17:36:49.938	[34minfo[0m	/Users/zhangchengji/GoProjects/flyingv2/core/gin/plugin/router.go:13	use middleware cors
[flying]2021/08/18 - 17:36:49.939	[34minfo[0m	/Users/zhangchengji/GoProjects/flyingv2/core/gin/plugin/router.go:15	register swagger handler
[flying]2021/08/18 - 17:36:49.939	[33mwarn[0m	/Users/zhangchengji/GoProjects/flyingv2/core/etcd/etcd.go:29	Use default etcd connection: http://192.168.1.227:2379
[flying]2021/08/18 - 17:36:49.953	[34minfo[0m	/Users/zhangchengji/GoProjects/flyingv2/core/gin/plugin/router.go:22	router register success
[flying]2021/08/18 - 17:36:49.953	[34minfo[0m	/Users/zhangchengji/GoProjects/flyingv2/coremain/run.go:32	server run success on 	{"address": ":8080"}
[flying]2021/08/18 - 17:40:09.220	[34minfo[0m	/Users/zhangchengji/GoProjects/flyingv2/core/gin/plugin/router.go:13	use middleware cors
[flying]2021/08/18 - 17:40:09.222	[34minfo[0m	/Users/zhangchengji/GoProjects/flyingv2/core/gin/plugin/router.go:15	register swagger handler
[flying]2021/08/18 - 17:40:09.222	[33mwarn[0m	/Users/zhangchengji/GoProjects/flyingv2/core/etcd/etcd.go:29	Use default etcd connection: http://192.168.1.227:2379
[flying]2021/08/18 - 17:40:09.234	[34minfo[0m	/Users/zhangchengji/GoProjects/flyingv2/core/gin/plugin/router.go:22	router register success
[flying]2021/08/18 - 17:40:09.234	[34minfo[0m	/Users/zhangchengji/GoProjects/flyingv2/coremain/run.go:32	server run success on 	{"address": ":8080"}
[flying]2021/08/18 - 17:43:20.029	[34minfo[0m	/Users/zhangchengji/GoProjects/flyingv2/core/gin/plugin/router.go:13	use middleware cors
[flying]2021/08/18 - 17:43:20.030	[34minfo[0m	/Users/zhangchengji/GoProjects/flyingv2/core/gin/plugin/router.go:15	register swagger handler
[flying]2021/08/18 - 17:43:20.030	[33mwarn[0m	/Users/zhangchengji/GoProjects/flyingv2/core/etcd/etcd.go:29	Use default etcd connection: http://192.168.1.227:2379
[flying]2021/08/18 - 17:43:20.042	[34minfo[0m	/Users/zhangchengji/GoProjects/flyingv2/core/gin/plugin/router.go:22	router register success
[flying]2021/08/18 - 17:43:20.042	[34minfo[0m	/Users/zhangchengji/GoProjects/flyingv2/coremain/run.go:32	server run success on 	{"address": ":8080"}
[flying]2021/08/18 - 17:45:10.000	[34minfo[0m	/Users/zhangchengji/GoProjects/flyingv2/core/gin/plugin/router.go:13	use middleware cors
[flying]2021/08/18 - 17:45:10.006	[34minfo[0m	/Users/zhangchengji/GoProjects/flyingv2/core/gin/plugin/router.go:15	register swagger handler
[flying]2021/08/18 - 17:45:10.006	[33mwarn[0m	/Users/zhangchengji/GoProjects/flyingv2/core/etcd/etcd.go:29	Use default etcd connection: http://192.168.1.227:2379
[flying]2021/08/18 - 17:45:10.018	[34minfo[0m	/Users/zhangchengji/GoProjects/flyingv2/core/gin/plugin/router.go:22	router register success
[flying]2021/08/18 - 17:45:10.018	[34minfo[0m	/Users/zhangchengji/GoProjects/flyingv2/coremain/run.go:32	server run success on 	{"address": ":8080"}
[flying]2021/08/18 - 17:49:58.371	[34minfo[0m	/Users/zhangchengji/GoProjects/flyingv2/core/gin/plugin/router.go:13	use middleware cors
[flying]2021/08/18 - 17:49:58.372	[34minfo[0m	/Users/zhangchengji/GoProjects/flyingv2/core/gin/plugin/router.go:15	register swagger handler
[flying]2021/08/18 - 17:49:58.372	[33mwarn[0m	/Users/zhangchengji/GoProjects/flyingv2/core/etcd/etcd.go:29	Use default etcd connection: http://192.168.1.227:2379
[flying]2021/08/18 - 17:49:58.384	[34minfo[0m	/Users/zhangchengji/GoProjects/flyingv2/core/gin/plugin/router.go:22	router register success
[flying]2021/08/18 - 17:49:58.384	[34minfo[0m	/Users/zhangchengji/GoProjects/flyingv2/coremain/run.go:32	server run success on 	{"address": ":8080"}
[flying]2021/08/18 - 17:51:45.124	[34minfo[0m	/Users/zhangchengji/GoProjects/flyingv2/core/gin/plugin/router.go:13	use middleware cors
[flying]2021/08/18 - 17:51:45.125	[34minfo[0m	/Users/zhangchengji/GoProjects/flyingv2/core/gin/plugin/router.go:15	register swagger handler
[flying]2021/08/18 - 17:51:45.125	[33mwarn[0m	/Users/zhangchengji/GoProjects/flyingv2/core/etcd/etcd.go:29	Use default etcd connection: http://192.168.1.227:2379
[flying]2021/08/18 - 17:51:56.181	[34minfo[0m	/Users/zhangchengji/GoProjects/flyingv2/core/gin/plugin/router.go:22	router register success
[flying]2021/08/18 - 17:51:56.181	[34minfo[0m	/Users/zhangchengji/GoProjects/flyingv2/coremain/run.go:32	server run success on 	{"address": ":8080"}
[flying]2021/08/18 - 17:52:32.937	[34minfo[0m	/Users/zhangchengji/GoProjects/flyingv2/core/gin/plugin/router.go:13	use middleware cors
[flying]2021/08/18 - 17:52:32.937	[34minfo[0m	/Users/zhangchengji/GoProjects/flyingv2/core/gin/plugin/router.go:15	register swagger handler
[flying]2021/08/18 - 17:52:32.938	[33mwarn[0m	/Users/zhangchengji/GoProjects/flyingv2/core/etcd/etcd.go:29	Use default etcd connection: http://192.168.1.227:2379
[flying]2021/08/18 - 17:52:32.949	[34minfo[0m	/Users/zhangchengji/GoProjects/flyingv2/core/gin/plugin/router.go:22	router register success
[flying]2021/08/18 - 17:52:32.949	[34minfo[0m	/Users/zhangchengji/GoProjects/flyingv2/coremain/run.go:32	server run success on 	{"address": ":8080"}
[flying]2021/08/18 - 17:54:57.774	[34minfo[0m	/Users/zhangchengji/GoProjects/flyingv2/core/gin/plugin/router.go:13	use middleware cors
[flying]2021/08/18 - 17:54:57.775	[34minfo[0m	/Users/zhangchengji/GoProjects/flyingv2/core/gin/plugin/router.go:15	register swagger handler
[flying]2021/08/18 - 17:54:57.775	[33mwarn[0m	/Users/zhangchengji/GoProjects/flyingv2/core/etcd/etcd.go:29	Use default etcd connection: http://192.168.1.227:2379
[flying]2021/08/18 - 17:54:57.784	[34minfo[0m	/Users/zhangchengji/GoProjects/flyingv2/core/gin/plugin/router.go:22	router register success
[flying]2021/08/18 - 17:54:57.785	[34minfo[0m	/Users/zhangchengji/GoProjects/flyingv2/coremain/run.go:32	server run success on 	{"address": ":8080"}
[flying]2021/08/18 - 18:06:44.476	[31merror[0m	/Users/zhangchengji/GoProjects/flyingv2/coremain/run.go:33	accept tcp [::]:8080: use of closed network connection
[flying]2021/08/18 - 18:06:48.419	[34minfo[0m	/Users/zhangchengji/GoProjects/flyingv2/core/gin/plugin/router.go:13	use middleware cors
[flying]2021/08/18 - 18:06:48.420	[34minfo[0m	/Users/zhangchengji/GoProjects/flyingv2/core/gin/plugin/router.go:15	register swagger handler
[flying]2021/08/18 - 18:06:48.420	[33mwarn[0m	/Users/zhangchengji/GoProjects/flyingv2/core/etcd/etcd.go:29	Use default etcd connection: http://192.168.1.227:2379
[flying]2021/08/18 - 18:06:48.431	[34minfo[0m	/Users/zhangchengji/GoProjects/flyingv2/core/gin/plugin/router.go:22	router register success
[flying]2021/08/18 - 18:06:48.432	[34minfo[0m	/Users/zhangchengji/GoProjects/flyingv2/coremain/run.go:32	server run success on 	{"address": ":8080"}
[flying]2021/08/18 - 18:07:01.094	[31merror[0m	/Users/zhangchengji/GoProjects/flyingv2/coremain/run.go:33	accept tcp [::]:8080: use of closed network connection
[flying]2021/08/18 - 18:07:03.393	[34minfo[0m	/Users/zhangchengji/GoProjects/flyingv2/core/gin/plugin/router.go:13	use middleware cors
[flying]2021/08/18 - 18:07:03.394	[34minfo[0m	/Users/zhangchengji/GoProjects/flyingv2/core/gin/plugin/router.go:15	register swagger handler
[flying]2021/08/18 - 18:07:03.394	[33mwarn[0m	/Users/zhangchengji/GoProjects/flyingv2/core/etcd/etcd.go:29	Use default etcd connection: http://192.168.1.227:2379
[flying]2021/08/18 - 18:07:03.404	[34minfo[0m	/Users/zhangchengji/GoProjects/flyingv2/core/gin/plugin/router.go:22	router register success
[flying]2021/08/18 - 18:07:03.404	[34minfo[0m	/Users/zhangchengji/GoProjects/flyingv2/coremain/run.go:32	server run success on 	{"address": ":8080"}
[flying]2021/08/18 - 18:08:31.351	[31merror[0m	/Users/zhangchengji/GoProjects/flyingv2/coremain/run.go:33	accept tcp [::]:8080: use of closed network connection
[flying]2021/08/18 - 18:08:35.252	[34minfo[0m	/Users/zhangchengji/GoProjects/flyingv2/core/gin/plugin/router.go:13	use middleware cors
[flying]2021/08/18 - 18:08:35.253	[34minfo[0m	/Users/zhangchengji/GoProjects/flyingv2/core/gin/plugin/router.go:15	register swagger handler
[flying]2021/08/18 - 18:08:35.253	[33mwarn[0m	/Users/zhangchengji/GoProjects/flyingv2/core/etcd/etcd.go:29	Use default etcd connection: http://192.168.1.227:2379
[flying]2021/08/18 - 18:08:35.264	[34minfo[0m	/Users/zhangchengji/GoProjects/flyingv2/core/gin/plugin/router.go:22	router register success
[flying]2021/08/18 - 18:08:35.264	[34minfo[0m	/Users/zhangchengji/GoProjects/flyingv2/coremain/run.go:32	server run success on 	{"address": ":8080"}
[flying]2021/08/18 - 18:08:56.119	[31merror[0m	/Users/zhangchengji/GoProjects/flyingv2/coremain/run.go:33	accept tcp [::]:8080: use of closed network connection
[flying]2021/08/18 - 18:09:00.034	[34minfo[0m	/Users/zhangchengji/GoProjects/flyingv2/core/gin/plugin/router.go:13	use middleware cors
[flying]2021/08/18 - 18:09:00.034	[34minfo[0m	/Users/zhangchengji/GoProjects/flyingv2/core/gin/plugin/router.go:15	register swagger handler
[flying]2021/08/18 - 18:09:00.034	[33mwarn[0m	/Users/zhangchengji/GoProjects/flyingv2/core/etcd/etcd.go:29	Use default etcd connection: http://192.168.1.227:2379
[flying]2021/08/18 - 18:09:00.045	[34minfo[0m	/Users/zhangchengji/GoProjects/flyingv2/core/gin/plugin/router.go:22	router register success
[flying]2021/08/18 - 18:09:00.045	[34minfo[0m	/Users/zhangchengji/GoProjects/flyingv2/coremain/run.go:32	server run success on 	{"address": ":8080"}
[flying]2021/08/18 - 18:09:28.103	[31merror[0m	/Users/zhangchengji/GoProjects/flyingv2/coremain/run.go:33	accept tcp [::]:8080: use of closed network connection
[flying]2021/08/18 - 18:09:30.441	[34minfo[0m	/Users/zhangchengji/GoProjects/flyingv2/core/gin/plugin/router.go:13	use middleware cors
[flying]2021/08/18 - 18:09:30.441	[34minfo[0m	/Users/zhangchengji/GoProjects/flyingv2/core/gin/plugin/router.go:15	register swagger handler
[flying]2021/08/18 - 18:09:30.441	[33mwarn[0m	/Users/zhangchengji/GoProjects/flyingv2/core/etcd/etcd.go:29	Use default etcd connection: http://192.168.1.227:2379
[flying]2021/08/18 - 18:09:30.452	[34minfo[0m	/Users/zhangchengji/GoProjects/flyingv2/core/gin/plugin/router.go:22	router register success
[flying]2021/08/18 - 18:09:30.452	[34minfo[0m	/Users/zhangchengji/GoProjects/flyingv2/coremain/run.go:32	server run success on 	{"address": ":8080"}
[flying]2021/08/18 - 18:09:43.807	[31merror[0m	/Users/zhangchengji/GoProjects/flyingv2/coremain/run.go:33	accept tcp [::]:8080: use of closed network connection
[flying]2021/08/18 - 18:09:45.936	[34minfo[0m	/Users/zhangchengji/GoProjects/flyingv2/core/gin/plugin/router.go:13	use middleware cors
[flying]2021/08/18 - 18:09:45.937	[34minfo[0m	/Users/zhangchengji/GoProjects/flyingv2/core/gin/plugin/router.go:15	register swagger handler
[flying]2021/08/18 - 18:09:45.937	[33mwarn[0m	/Users/zhangchengji/GoProjects/flyingv2/core/etcd/etcd.go:29	Use default etcd connection: http://192.168.1.227:2379
[flying]2021/08/18 - 18:09:45.949	[34minfo[0m	/Users/zhangchengji/GoProjects/flyingv2/core/gin/plugin/router.go:22	router register success
[flying]2021/08/18 - 18:09:45.950	[34minfo[0m	/Users/zhangchengji/GoProjects/flyingv2/coremain/run.go:32	server run success on 	{"address": ":8080"}
[flying]2021/08/18 - 18:10:27.066	[31merror[0m	/Users/zhangchengji/GoProjects/flyingv2/coremain/run.go:33	accept tcp [::]:8080: use of closed network connection
[flying]2021/08/18 - 18:10:29.524	[34minfo[0m	/Users/zhangchengji/GoProjects/flyingv2/core/gin/plugin/router.go:13	use middleware cors
[flying]2021/08/18 - 18:10:29.524	[34minfo[0m	/Users/zhangchengji/GoProjects/flyingv2/core/gin/plugin/router.go:15	register swagger handler
[flying]2021/08/18 - 18:10:29.524	[33mwarn[0m	/Users/zhangchengji/GoProjects/flyingv2/core/etcd/etcd.go:29	Use default etcd connection: http://192.168.1.227:2379
[flying]2021/08/18 - 18:10:29.535	[34minfo[0m	/Users/zhangchengji/GoProjects/flyingv2/core/gin/plugin/router.go:22	router register success
[flying]2021/08/18 - 18:10:29.535	[34minfo[0m	/Users/zhangchengji/GoProjects/flyingv2/coremain/run.go:32	server run success on 	{"address": ":8080"}
[flying]2021/08/18 - 18:10:48.902	[31merror[0m	/Users/zhangchengji/GoProjects/flyingv2/coremain/run.go:33	accept tcp [::]:8080: use of closed network connection
[flying]2021/08/18 - 18:10:59.552	[34minfo[0m	/Users/zhangchengji/GoProjects/flyingv2/core/gin/plugin/router.go:13	use middleware cors
[flying]2021/08/18 - 18:10:59.552	[34minfo[0m	/Users/zhangchengji/GoProjects/flyingv2/core/gin/plugin/router.go:15	register swagger handler
[flying]2021/08/18 - 18:10:59.552	[33mwarn[0m	/Users/zhangchengji/GoProjects/flyingv2/core/etcd/etcd.go:29	Use default etcd connection: http://192.168.1.227:2379
[flying]2021/08/18 - 18:10:59.565	[34minfo[0m	/Users/zhangchengji/GoProjects/flyingv2/core/gin/plugin/router.go:22	router register success
[flying]2021/08/18 - 18:10:59.565	[34minfo[0m	/Users/zhangchengji/GoProjects/flyingv2/coremain/run.go:32	server run success on 	{"address": ":8080"}
[flying]2021/08/18 - 18:11:40.686	[31merror[0m	/Users/zhangchengji/GoProjects/flyingv2/coremain/run.go:33	accept tcp [::]:8080: use of closed network connection
[flying]2021/08/18 - 18:11:43.004	[34minfo[0m	/Users/zhangchengji/GoProjects/flyingv2/core/gin/plugin/router.go:13	use middleware cors
[flying]2021/08/18 - 18:11:43.005	[34minfo[0m	/Users/zhangchengji/GoProjects/flyingv2/core/gin/plugin/router.go:15	register swagger handler
[flying]2021/08/18 - 18:11:43.005	[33mwarn[0m	/Users/zhangchengji/GoProjects/flyingv2/core/etcd/etcd.go:29	Use default etcd connection: http://192.168.1.227:2379
[flying]2021/08/18 - 18:11:43.019	[34minfo[0m	/Users/zhangchengji/GoProjects/flyingv2/core/gin/plugin/router.go:22	router register success
[flying]2021/08/18 - 18:11:43.019	[34minfo[0m	/Users/zhangchengji/GoProjects/flyingv2/coremain/run.go:32	server run success on 	{"address": ":8080"}
[flying]2021/08/18 - 18:12:13.622	[31merror[0m	/Users/zhangchengji/GoProjects/flyingv2/coremain/run.go:33	accept tcp [::]:8080: use of closed network connection
[flying]2021/08/18 - 18:12:17.339	[34minfo[0m	/Users/zhangchengji/GoProjects/flyingv2/core/gin/plugin/router.go:13	use middleware cors
[flying]2021/08/18 - 18:12:17.339	[34minfo[0m	/Users/zhangchengji/GoProjects/flyingv2/core/gin/plugin/router.go:15	register swagger handler
[flying]2021/08/18 - 18:12:17.339	[33mwarn[0m	/Users/zhangchengji/GoProjects/flyingv2/core/etcd/etcd.go:29	Use default etcd connection: http://192.168.1.227:2379
[flying]2021/08/18 - 18:12:17.348	[34minfo[0m	/Users/zhangchengji/GoProjects/flyingv2/core/gin/plugin/router.go:22	router register success
[flying]2021/08/18 - 18:12:17.348	[34minfo[0m	/Users/zhangchengji/GoProjects/flyingv2/coremain/run.go:32	server run success on 	{"address": ":8080"}
[flying]2021/08/18 - 18:12:39.293	[31merror[0m	/Users/zhangchengji/GoProjects/flyingv2/coremain/run.go:33	accept tcp [::]:8080: use of closed network connection
[flying]2021/08/18 - 18:12:41.643	[34minfo[0m	/Users/zhangchengji/GoProjects/flyingv2/core/gin/plugin/router.go:13	use middleware cors
[flying]2021/08/18 - 18:12:41.643	[34minfo[0m	/Users/zhangchengji/GoProjects/flyingv2/core/gin/plugin/router.go:15	register swagger handler
[flying]2021/08/18 - 18:12:41.643	[33mwarn[0m	/Users/zhangchengji/GoProjects/flyingv2/core/etcd/etcd.go:29	Use default etcd connection: http://192.168.1.227:2379
[flying]2021/08/18 - 18:12:41.655	[34minfo[0m	/Users/zhangchengji/GoProjects/flyingv2/core/gin/plugin/router.go:22	router register success
[flying]2021/08/18 - 18:12:41.656	[34minfo[0m	/Users/zhangchengji/GoProjects/flyingv2/coremain/run.go:32	server run success on 	{"address": ":8080"}
[flying]2021/08/18 - 18:13:00.335	[31merror[0m	/Users/zhangchengji/GoProjects/flyingv2/coremain/run.go:33	accept tcp [::]:8080: use of closed network connection
[flying]2021/08/18 - 18:13:02.786	[34minfo[0m	/Users/zhangchengji/GoProjects/flyingv2/core/gin/plugin/router.go:13	use middleware cors
[flying]2021/08/18 - 18:13:02.787	[34minfo[0m	/Users/zhangchengji/GoProjects/flyingv2/core/gin/plugin/router.go:15	register swagger handler
[flying]2021/08/18 - 18:13:02.787	[33mwarn[0m	/Users/zhangchengji/GoProjects/flyingv2/core/etcd/etcd.go:29	Use default etcd connection: http://192.168.1.227:2379
[flying]2021/08/18 - 18:13:02.797	[34minfo[0m	/Users/zhangchengji/GoProjects/flyingv2/core/gin/plugin/router.go:22	router register success
[flying]2021/08/18 - 18:13:02.797	[34minfo[0m	/Users/zhangchengji/GoProjects/flyingv2/coremain/run.go:32	server run success on 	{"address": ":8080"}
[flying]2021/08/18 - 18:16:22.114	[31merror[0m	/Users/zhangchengji/GoProjects/flyingv2/coremain/run.go:33	accept tcp [::]:8080: use of closed network connection
[flying]2021/08/18 - 18:16:26.156	[34minfo[0m	/Users/zhangchengji/GoProjects/flyingv2/core/gin/plugin/router.go:13	use middleware cors
[flying]2021/08/18 - 18:16:26.156	[34minfo[0m	/Users/zhangchengji/GoProjects/flyingv2/core/gin/plugin/router.go:15	register swagger handler
[flying]2021/08/18 - 18:16:26.156	[33mwarn[0m	/Users/zhangchengji/GoProjects/flyingv2/core/etcd/etcd.go:29	Use default etcd connection: http://192.168.1.227:2379
[flying]2021/08/18 - 18:16:26.171	[34minfo[0m	/Users/zhangchengji/GoProjects/flyingv2/core/gin/plugin/router.go:22	router register success
[flying]2021/08/18 - 18:16:26.171	[34minfo[0m	/Users/zhangchengji/GoProjects/flyingv2/coremain/run.go:32	server run success on 	{"address": ":8080"}
[flying]2021/08/18 - 18:17:16.603	[31merror[0m	/Users/zhangchengji/GoProjects/flyingv2/coremain/run.go:33	accept tcp [::]:8080: use of closed network connection
[flying]2021/08/18 - 18:17:18.914	[34minfo[0m	/Users/zhangchengji/GoProjects/flyingv2/core/gin/plugin/router.go:13	use middleware cors
[flying]2021/08/18 - 18:17:18.914	[34minfo[0m	/Users/zhangchengji/GoProjects/flyingv2/core/gin/plugin/router.go:15	register swagger handler
[flying]2021/08/18 - 18:17:18.914	[33mwarn[0m	/Users/zhangchengji/GoProjects/flyingv2/core/etcd/etcd.go:29	Use default etcd connection: http://192.168.1.227:2379
[flying]2021/08/18 - 18:17:18.926	[34minfo[0m	/Users/zhangchengji/GoProjects/flyingv2/core/gin/plugin/router.go:22	router register success
[flying]2021/08/18 - 18:17:18.926	[34minfo[0m	/Users/zhangchengji/GoProjects/flyingv2/coremain/run.go:32	server run success on 	{"address": ":8080"}
[flying]2021/08/18 - 18:17:43.841	[31merror[0m	/Users/zhangchengji/GoProjects/flyingv2/coremain/run.go:33	accept tcp [::]:8080: use of closed network connection
[flying]2021/08/18 - 18:17:46.200	[34minfo[0m	/Users/zhangchengji/GoProjects/flyingv2/core/gin/plugin/router.go:13	use middleware cors
[flying]2021/08/18 - 18:17:46.201	[34minfo[0m	/Users/zhangchengji/GoProjects/flyingv2/core/gin/plugin/router.go:15	register swagger handler
[flying]2021/08/18 - 18:17:46.201	[33mwarn[0m	/Users/zhangchengji/GoProjects/flyingv2/core/etcd/etcd.go:29	Use default etcd connection: http://192.168.1.227:2379
[flying]2021/08/18 - 18:17:46.211	[34minfo[0m	/Users/zhangchengji/GoProjects/flyingv2/core/gin/plugin/router.go:22	router register success
[flying]2021/08/18 - 18:17:46.211	[34minfo[0m	/Users/zhangchengji/GoProjects/flyingv2/coremain/run.go:32	server run success on 	{"address": ":8080"}
[flying]2021/08/18 - 18:18:25.307	[31merror[0m	/Users/zhangchengji/GoProjects/flyingv2/coremain/run.go:33	accept tcp [::]:8080: use of closed network connection
[flying]2021/08/18 - 18:18:28.826	[34minfo[0m	/Users/zhangchengji/GoProjects/flyingv2/core/gin/plugin/router.go:13	use middleware cors
[flying]2021/08/18 - 18:18:28.827	[34minfo[0m	/Users/zhangchengji/GoProjects/flyingv2/core/gin/plugin/router.go:15	register swagger handler
[flying]2021/08/18 - 18:18:28.827	[33mwarn[0m	/Users/zhangchengji/GoProjects/flyingv2/core/etcd/etcd.go:29	Use default etcd connection: http://192.168.1.227:2379
[flying]2021/08/18 - 18:18:28.838	[34minfo[0m	/Users/zhangchengji/GoProjects/flyingv2/core/gin/plugin/router.go:22	router register success
[flying]2021/08/18 - 18:18:28.838	[34minfo[0m	/Users/zhangchengji/GoProjects/flyingv2/coremain/run.go:32	server run success on 	{"address": ":8080"}
[flying]2021/08/18 - 18:23:42.714	[31merror[0m	/Users/zhangchengji/GoProjects/flyingv2/coremain/run.go:33	accept tcp [::]:8080: use of closed network connection
[flying]2021/08/18 - 18:23:46.321	[34minfo[0m	/Users/zhangchengji/GoProjects/flyingv2/core/gin/plugin/router.go:13	use middleware cors
[flying]2021/08/18 - 18:23:46.327	[34minfo[0m	/Users/zhangchengji/GoProjects/flyingv2/core/gin/plugin/router.go:15	register swagger handler
[flying]2021/08/18 - 18:23:46.327	[33mwarn[0m	/Users/zhangchengji/GoProjects/flyingv2/core/etcd/etcd.go:29	Use default etcd connection: http://192.168.1.227:2379
[flying]2021/08/18 - 18:23:46.338	[34minfo[0m	/Users/zhangchengji/GoProjects/flyingv2/core/gin/plugin/router.go:22	router register success
[flying]2021/08/18 - 18:23:46.338	[34minfo[0m	/Users/zhangchengji/GoProjects/flyingv2/coremain/run.go:32	server run success on 	{"address": ":8080"}
[flying]2021/08/18 - 18:24:32.056	[31merror[0m	/Users/zhangchengji/GoProjects/flyingv2/coremain/run.go:33	accept tcp [::]:8080: use of closed network connection
[flying]2021/08/18 - 18:24:40.961	[34minfo[0m	/Users/zhangchengji/GoProjects/flyingv2/core/gin/plugin/router.go:13	use middleware cors
[flying]2021/08/18 - 18:24:40.962	[34minfo[0m	/Users/zhangchengji/GoProjects/flyingv2/core/gin/plugin/router.go:15	register swagger handler
[flying]2021/08/18 - 18:24:40.962	[33mwarn[0m	/Users/zhangchengji/GoProjects/flyingv2/core/etcd/etcd.go:29	Use default etcd connection: http://192.168.1.227:2379
[flying]2021/08/18 - 18:24:40.973	[34minfo[0m	/Users/zhangchengji/GoProjects/flyingv2/core/gin/plugin/router.go:22	router register success
[flying]2021/08/18 - 18:24:40.974	[34minfo[0m	/Users/zhangchengji/GoProjects/flyingv2/coremain/run.go:32	server run success on 	{"address": ":8080"}
[flying]2021/08/18 - 18:25:49.735	[34minfo[0m	/Users/zhangchengji/GoProjects/flyingv2/core/gin/plugin/router.go:13	use middleware cors
[flying]2021/08/18 - 18:25:49.735	[34minfo[0m	/Users/zhangchengji/GoProjects/flyingv2/core/gin/plugin/router.go:15	register swagger handler
[flying]2021/08/18 - 18:25:49.735	[33mwarn[0m	/Users/zhangchengji/GoProjects/flyingv2/core/etcd/etcd.go:29	Use default etcd connection: http://192.168.1.227:2379
[flying]2021/08/18 - 18:25:49.747	[34minfo[0m	/Users/zhangchengji/GoProjects/flyingv2/core/gin/plugin/router.go:22	router register success
[flying]2021/08/18 - 18:25:49.748	[34minfo[0m	/Users/zhangchengji/GoProjects/flyingv2/coremain/run.go:32	server run success on 	{"address": ":8080"}
